 Container engine  Creating
 Container engine  Created
 Container power_monitor  Creating
 Container image_generating  Creating
 Container image_generating  Created
 Container power_monitor  Created
 Container image_scoring  Creating
 Container image_scoring  Created
Attaching to engine, image_generating, image_scoring, power_monitor
engine            | Starting camera-traps!
engine            | 2023-12-15T17:54:10.925912565Z INFO  [main] src/main.rs:214 - Reading application configuration file: /traps.toml
engine            | 2023-12-15T17:54:10.926239480Z INFO  [main] src/main.rs:58 - Camera-Traps input parameters:
engine            | RuntimeCtx {
engine            |     parms: Parms {
engine            |         config_file: "/traps.toml",
engine            |         config: Config {
engine            |             title: Some(
engine            |                 "Camera-Traps Application Configuration v0.3.2",
engine            |             ),
engine            |             plugins: Plugins {
engine            |                 internal: Some(
engine            |                     [
engine            |                         "image_recv_plugin",
engine            |                         "image_store_plugin",
engine            |                     ],
engine            |                 ),
engine            |                 internal_actions: Some(
engine            |                     [
engine            |                         "image_recv_write_file_action",
engine            |                         "image_store_file_action",
engine            |                     ],
engine            |                 ),
engine            |                 external: Some(
engine            |                     [
engine            |                         ExtPluginConfig {
engine            |                             plugin_name: "ext_image_gen_plugin",
engine            |                             id: "d3266646-41ec-11ed-a96f-5391348bab46",
engine            |                             external_port: 6000,
engine            |                             subscriptions: [
engine            |                                 "PluginTerminateEvent",
engine            |                             ],
engine            |                         },
engine            |                         ExtPluginConfig {
engine            |                             plugin_name: "ext_image_score_plugin",
engine            |                             id: "d6e8e42a-41ec-11ed-a36f-a3dcc1cc761a",
engine            |                             external_port: 6001,
engine            |                             subscriptions: [
engine            |                                 "ImageReceivedEvent",
engine            |                                 "PluginTerminateEvent",
engine            |                             ],
engine            |                         },
engine            |                         ExtPluginConfig {
engine            |                             plugin_name: "ext_power_monitor_plugin",
engine            |                             id: "4a0fca25-1935-472a-8674-58f22c3a32b3",
engine            |                             external_port: 6010,
engine            |                             subscriptions: [
engine            |                                 "MonitorPowerStartEvent",
engine            |                                 "MonitorPowerStopEvent",
engine            |                                 "PluginTerminateEvent",
engine            |                             ],
engine            |                         },
engine            |                     ],
engine            |                 ),
engine            |             },
engine            |             publish_port: 5559,
engine            |             subscribe_port: 5560,
engine            |             images_output_dir: "/root/camera-traps/images",
engine            |             image_file_prefix: None,
engine            |         },
engine            |     },
engine            |     abs_image_dir: "/root/camera-traps/images",
engine            | }
engine            | 2023-12-15T17:54:10.927288162Z INFO  [main] src/main.rs:97 - 
engine            | ----------------------------------------------------------------------
engine            | Registering 2 internal plugin(s).
engine            | ----------------------------------------------------------------------
engine            | 2023-12-15T17:54:10.927320034Z INFO  [main] src/main.rs:112 - 
engine            |  -- Registering internal plugin image_recv_plugin with UUID f2a0f49c-6f1c-4ee4-aabc-bb12b550f69c.
engine            | 2023-12-15T17:54:10.927334946Z INFO  [main] src/main.rs:124 - 
engine            |  -- Registering internal plugin image_store_plugin with UUID c48297cc-a7e7-48c1-9247-945925665685.
engine            | 2023-12-15T17:54:10.927347490Z INFO  [main] src/main.rs:149 - 
engine            | ----------------------------------------------------------------------
engine            | Registering 3 external plugin(s).
engine            | ----------------------------------------------------------------------
engine            | 2023-12-15T17:54:10.927370562Z INFO  [main] src/main.rs:163 - 
engine            |   -- Registering external plugin ext_image_gen_plugin with UUID d3266646-41ec-11ed-a96f-5391348bab46, port 6000, and 1 subscriptions.
engine            | 2023-12-15T17:54:10.927392227Z INFO  [main] src/main.rs:163 - 
engine            |   -- Registering external plugin ext_image_score_plugin with UUID d6e8e42a-41ec-11ed-a36f-a3dcc1cc761a, port 6001, and 2 subscriptions.
engine            | 2023-12-15T17:54:10.927412355Z INFO  [main] src/main.rs:163 - 
engine            |   -- Registering external plugin ext_power_monitor_plugin with UUID 4a0fca25-1935-472a-8674-58f22c3a32b3, port 6010, and 3 subscriptions.
engine            | 2023-12-15T17:54:10.927423363Z INFO  [main] src/main.rs:168 - 
engine            | ----------------------------------------------------------------------
engine            | 2023-12-15T17:54:10.927433347Z INFO  [main] /usr/local/cargo/registry/src/github.com-1ecc6299db9ec823/event-engine-0.2.0/src/lib.rs:527 - Engine starting application with 2 plugins and 3 external plugins on publish port: 5559 and subscribe port: 5560.
engine            | 2023-12-15T17:54:10.928333899Z INFO  [main] /usr/local/cargo/registry/src/github.com-1ecc6299db9ec823/event-engine-0.2.0/src/lib.rs:532 - Engine starting zmq proxy.
engine            | 2023-12-15T17:54:10.928436236Z DEBUG [main] /usr/local/cargo/registry/src/github.com-1ecc6299db9ec823/event-engine-0.2.0/src/lib.rs:539 - Engine has started proxy thread. Will now start and sync plugins
engine            | 2023-12-15T17:54:10.928671790Z DEBUG [ImageReceivePlugin] /usr/local/cargo/registry/src/github.com-1ecc6299db9ec823/event-engine-0.2.0/src/lib.rs:157 - plugin (ImageReceivePlugin, f2a0f49c-6f1c-4ee4-aabc-bb12b550f69c) thread started.
engine            | 2023-12-15T17:54:10.928721742Z DEBUG [ImageStorePlugin] /usr/local/cargo/registry/src/github.com-1ecc6299db9ec823/event-engine-0.2.0/src/lib.rs:157 - plugin (ImageStorePlugin, c48297cc-a7e7-48c1-9247-945925665685) thread started.
engine            | 2023-12-15T17:54:10.928750543Z DEBUG [ImageReceivePlugin] /usr/local/cargo/registry/src/github.com-1ecc6299db9ec823/event-engine-0.2.0/src/lib.rs:174 - plugin f2a0f49c-6f1c-4ee4-aabc-bb12b550f69c connected to pub socket.
engine            | 2023-12-15T17:54:10.928774799Z DEBUG [ImageStorePlugin] /usr/local/cargo/registry/src/github.com-1ecc6299db9ec823/event-engine-0.2.0/src/lib.rs:174 - plugin c48297cc-a7e7-48c1-9247-945925665685 connected to pub socket.
engine            | 2023-12-15T17:54:10.928808175Z DEBUG [ImageReceivePlugin] /usr/local/cargo/registry/src/github.com-1ecc6299db9ec823/event-engine-0.2.0/src/lib.rs:192 - Engine setting subscription filter [1, 0] for plugin: f2a0f49c-6f1c-4ee4-aabc-bb12b550f69c
engine            | 2023-12-15T17:54:10.928821455Z DEBUG [ImageReceivePlugin] /usr/local/cargo/registry/src/github.com-1ecc6299db9ec823/event-engine-0.2.0/src/lib.rs:192 - Engine setting subscription filter [18, 0] for plugin: f2a0f49c-6f1c-4ee4-aabc-bb12b550f69c
engine            | 2023-12-15T17:54:10.928827631Z DEBUG [ImageReceivePlugin] /usr/local/cargo/registry/src/github.com-1ecc6299db9ec823/event-engine-0.2.0/src/lib.rs:207 - plugin f2a0f49c-6f1c-4ee4-aabc-bb12b550f69c connected to sub socket with subscriptions set.
engine            | 2023-12-15T17:54:10.928853936Z DEBUG [ext_image_gen_plugin] /usr/local/cargo/registry/src/github.com-1ecc6299db9ec823/event-engine-0.2.0/src/lib.rs:285 - external plugin (ext_image_gen_plugin, d3266646-41ec-11ed-a96f-5391348bab46) thread started.
engine            | 2023-12-15T17:54:10.928868720Z DEBUG [main] /usr/local/cargo/registry/src/github.com-1ecc6299db9ec823/event-engine-0.2.0/src/lib.rs:430 - Engine will now sync these plugins: [f2a0f49c-6f1c-4ee4-aabc-bb12b550f69c, c48297cc-a7e7-48c1-9247-945925665685, d3266646-41ec-11ed-a96f-5391348bab46, d6e8e42a-41ec-11ed-a36f-a3dcc1cc761a, 4a0fca25-1935-472a-8674-58f22c3a32b3]
engine            | 2023-12-15T17:54:10.928901872Z DEBUG [ImageReceivePlugin] /usr/local/cargo/registry/src/github.com-1ecc6299db9ec823/event-engine-0.2.0/src/lib.rs:239 - plugin f2a0f49c-6f1c-4ee4-aabc-bb12b550f69c connected to sync socket at URL: inproc://sync-f2a0f49c-6f1c-4ee4-aabc-bb12b550f69c.
engine            | 2023-12-15T17:54:10.928919952Z DEBUG [ImageStorePlugin] /usr/local/cargo/registry/src/github.com-1ecc6299db9ec823/event-engine-0.2.0/src/lib.rs:192 - Engine setting subscription filter [3, 0] for plugin: c48297cc-a7e7-48c1-9247-945925665685
engine            | 2023-12-15T17:54:10.928946640Z DEBUG [main] /usr/local/cargo/registry/src/github.com-1ecc6299db9ec823/event-engine-0.2.0/src/lib.rs:440 - Engine binding to sync inproc URL: inproc://sync-f2a0f49c-6f1c-4ee4-aabc-bb12b550f69c
engine            | 2023-12-15T17:54:10.928969393Z DEBUG [ImageReceivePlugin] /usr/local/cargo/registry/src/github.com-1ecc6299db9ec823/event-engine-0.2.0/src/lib.rs:249 - plugin f2a0f49c-6f1c-4ee4-aabc-bb12b550f69c sent ready message.
engine            | 2023-12-15T17:54:10.928985521Z DEBUG [ext_image_gen_plugin] /usr/local/cargo/registry/src/github.com-1ecc6299db9ec823/event-engine-0.2.0/src/lib.rs:304 - plugin bound to external TCP socket: tcp://*:6000
engine            | 2023-12-15T17:54:10.929000689Z DEBUG [ext_image_score_plugin] /usr/local/cargo/registry/src/github.com-1ecc6299db9ec823/event-engine-0.2.0/src/lib.rs:285 - external plugin (ext_image_score_plugin, d6e8e42a-41ec-11ed-a36f-a3dcc1cc761a) thread started.
engine            | 2023-12-15T17:54:10.929014193Z DEBUG [main] /usr/local/cargo/registry/src/github.com-1ecc6299db9ec823/event-engine-0.2.0/src/lib.rs:453 - Engine received a ready message from plugin f2a0f49c-6f1c-4ee4-aabc-bb12b550f69c
engine            | 2023-12-15T17:54:10.929035505Z DEBUG [ext_image_gen_plugin] /usr/local/cargo/registry/src/github.com-1ecc6299db9ec823/event-engine-0.2.0/src/lib.rs:315 - plugin d3266646-41ec-11ed-a96f-5391348bab46 connected to pub socket.
engine            | 2023-12-15T17:54:10.929054065Z DEBUG [main] /usr/local/cargo/registry/src/github.com-1ecc6299db9ec823/event-engine-0.2.0/src/lib.rs:440 - Engine binding to sync inproc URL: inproc://sync-c48297cc-a7e7-48c1-9247-945925665685
engine            | 2023-12-15T17:54:10.929073489Z DEBUG [ext_image_score_plugin] /usr/local/cargo/registry/src/github.com-1ecc6299db9ec823/event-engine-0.2.0/src/lib.rs:304 - plugin bound to external TCP socket: tcp://*:6001
engine            | 2023-12-15T17:54:10.929086578Z DEBUG [ext_image_gen_plugin] /usr/local/cargo/registry/src/github.com-1ecc6299db9ec823/event-engine-0.2.0/src/lib.rs:333 - Engine setting subscription filter [18, 0]
engine            | 2023-12-15T17:54:10.929098322Z DEBUG [ext_image_gen_plugin] /usr/local/cargo/registry/src/github.com-1ecc6299db9ec823/event-engine-0.2.0/src/lib.rs:344 - external plugin d3266646-41ec-11ed-a96f-5391348bab46 connected to sub socket with subscriptions set.
engine            | 2023-12-15T17:54:10.929104370Z DEBUG [ext_image_score_plugin] /usr/local/cargo/registry/src/github.com-1ecc6299db9ec823/event-engine-0.2.0/src/lib.rs:315 - plugin d6e8e42a-41ec-11ed-a36f-a3dcc1cc761a connected to pub socket.
engine            | 2023-12-15T17:54:10.929114322Z DEBUG [ImageStorePlugin] /usr/local/cargo/registry/src/github.com-1ecc6299db9ec823/event-engine-0.2.0/src/lib.rs:192 - Engine setting subscription filter [18, 0] for plugin: c48297cc-a7e7-48c1-9247-945925665685
engine            | 2023-12-15T17:54:10.929125234Z DEBUG [ImageStorePlugin] /usr/local/cargo/registry/src/github.com-1ecc6299db9ec823/event-engine-0.2.0/src/lib.rs:207 - plugin c48297cc-a7e7-48c1-9247-945925665685 connected to sub socket with subscriptions set.
engine            | 2023-12-15T17:54:10.929132338Z DEBUG [ext_image_gen_plugin] /usr/local/cargo/registry/src/github.com-1ecc6299db9ec823/event-engine-0.2.0/src/lib.rs:376 - plugin d3266646-41ec-11ed-a96f-5391348bab46 connected to sync socket at URL: inproc://sync-d3266646-41ec-11ed-a96f-5391348bab46.
engine            | 2023-12-15T17:54:10.929140050Z DEBUG [ext_image_gen_plugin] /usr/local/cargo/registry/src/github.com-1ecc6299db9ec823/event-engine-0.2.0/src/lib.rs:386 - plugin d3266646-41ec-11ed-a96f-5391348bab46 sent ready message.
engine            | 2023-12-15T17:54:10.929151218Z DEBUG [ImageStorePlugin] /usr/local/cargo/registry/src/github.com-1ecc6299db9ec823/event-engine-0.2.0/src/lib.rs:239 - plugin c48297cc-a7e7-48c1-9247-945925665685 connected to sync socket at URL: inproc://sync-c48297cc-a7e7-48c1-9247-945925665685.
engine            | 2023-12-15T17:54:10.929158162Z DEBUG [ImageStorePlugin] /usr/local/cargo/registry/src/github.com-1ecc6299db9ec823/event-engine-0.2.0/src/lib.rs:249 - plugin c48297cc-a7e7-48c1-9247-945925665685 sent ready message.
engine            | 2023-12-15T17:54:10.929183026Z DEBUG [main] /usr/local/cargo/registry/src/github.com-1ecc6299db9ec823/event-engine-0.2.0/src/lib.rs:453 - Engine received a ready message from plugin c48297cc-a7e7-48c1-9247-945925665685
engine            | 2023-12-15T17:54:10.929205363Z DEBUG [ext_image_score_plugin] /usr/local/cargo/registry/src/github.com-1ecc6299db9ec823/event-engine-0.2.0/src/lib.rs:333 - Engine setting subscription filter [2, 0]
engine            | 2023-12-15T17:54:10.929215859Z DEBUG [ext_image_score_plugin] /usr/local/cargo/registry/src/github.com-1ecc6299db9ec823/event-engine-0.2.0/src/lib.rs:333 - Engine setting subscription filter [18, 0]
engine            | 2023-12-15T17:54:10.929220243Z DEBUG [ext_image_score_plugin] /usr/local/cargo/registry/src/github.com-1ecc6299db9ec823/event-engine-0.2.0/src/lib.rs:344 - external plugin d6e8e42a-41ec-11ed-a36f-a3dcc1cc761a connected to sub socket with subscriptions set.
engine            | 2023-12-15T17:54:10.929224307Z DEBUG [main] /usr/local/cargo/registry/src/github.com-1ecc6299db9ec823/event-engine-0.2.0/src/lib.rs:440 - Engine binding to sync inproc URL: inproc://sync-d3266646-41ec-11ed-a96f-5391348bab46
engine            | 2023-12-15T17:54:10.929251315Z DEBUG [ext_image_score_plugin] /usr/local/cargo/registry/src/github.com-1ecc6299db9ec823/event-engine-0.2.0/src/lib.rs:376 - plugin d6e8e42a-41ec-11ed-a36f-a3dcc1cc761a connected to sync socket at URL: inproc://sync-d6e8e42a-41ec-11ed-a36f-a3dcc1cc761a.
engine            | 2023-12-15T17:54:10.929261651Z DEBUG [ext_image_score_plugin] /usr/local/cargo/registry/src/github.com-1ecc6299db9ec823/event-engine-0.2.0/src/lib.rs:386 - plugin d6e8e42a-41ec-11ed-a36f-a3dcc1cc761a sent ready message.
engine            | 2023-12-15T17:54:10.929288435Z DEBUG [main] /usr/local/cargo/registry/src/github.com-1ecc6299db9ec823/event-engine-0.2.0/src/lib.rs:453 - Engine received a ready message from plugin d3266646-41ec-11ed-a96f-5391348bab46
engine            | 2023-12-15T17:54:10.929318228Z DEBUG [main] /usr/local/cargo/registry/src/github.com-1ecc6299db9ec823/event-engine-0.2.0/src/lib.rs:440 - Engine binding to sync inproc URL: inproc://sync-d6e8e42a-41ec-11ed-a36f-a3dcc1cc761a
engine            | 2023-12-15T17:54:10.929342868Z DEBUG [main] /usr/local/cargo/registry/src/github.com-1ecc6299db9ec823/event-engine-0.2.0/src/lib.rs:453 - Engine received a ready message from plugin d6e8e42a-41ec-11ed-a36f-a3dcc1cc761a
engine            | 2023-12-15T17:54:10.929365524Z DEBUG [main] /usr/local/cargo/registry/src/github.com-1ecc6299db9ec823/event-engine-0.2.0/src/lib.rs:440 - Engine binding to sync inproc URL: inproc://sync-4a0fca25-1935-472a-8674-58f22c3a32b3
engine            | 2023-12-15T17:54:10.929399796Z DEBUG [ext_power_monitor_plugin] /usr/local/cargo/registry/src/github.com-1ecc6299db9ec823/event-engine-0.2.0/src/lib.rs:285 - external plugin (ext_power_monitor_plugin, 4a0fca25-1935-472a-8674-58f22c3a32b3) thread started.
engine            | 2023-12-15T17:54:10.929496821Z DEBUG [ext_power_monitor_plugin] /usr/local/cargo/registry/src/github.com-1ecc6299db9ec823/event-engine-0.2.0/src/lib.rs:304 - plugin bound to external TCP socket: tcp://*:6010
engine            | 2023-12-15T17:54:10.929544886Z DEBUG [ext_power_monitor_plugin] /usr/local/cargo/registry/src/github.com-1ecc6299db9ec823/event-engine-0.2.0/src/lib.rs:315 - plugin 4a0fca25-1935-472a-8674-58f22c3a32b3 connected to pub socket.
engine            | 2023-12-15T17:54:10.929604310Z DEBUG [ext_power_monitor_plugin] /usr/local/cargo/registry/src/github.com-1ecc6299db9ec823/event-engine-0.2.0/src/lib.rs:333 - Engine setting subscription filter [32, 0]
engine            | 2023-12-15T17:54:10.929622006Z DEBUG [ext_power_monitor_plugin] /usr/local/cargo/registry/src/github.com-1ecc6299db9ec823/event-engine-0.2.0/src/lib.rs:333 - Engine setting subscription filter [33, 0]
engine            | 2023-12-15T17:54:10.929635926Z DEBUG [ext_power_monitor_plugin] /usr/local/cargo/registry/src/github.com-1ecc6299db9ec823/event-engine-0.2.0/src/lib.rs:333 - Engine setting subscription filter [18, 0]
engine            | 2023-12-15T17:54:10.929648471Z DEBUG [ext_power_monitor_plugin] /usr/local/cargo/registry/src/github.com-1ecc6299db9ec823/event-engine-0.2.0/src/lib.rs:344 - external plugin 4a0fca25-1935-472a-8674-58f22c3a32b3 connected to sub socket with subscriptions set.
engine            | 2023-12-15T17:54:10.929716023Z DEBUG [ext_power_monitor_plugin] /usr/local/cargo/registry/src/github.com-1ecc6299db9ec823/event-engine-0.2.0/src/lib.rs:376 - plugin 4a0fca25-1935-472a-8674-58f22c3a32b3 connected to sync socket at URL: inproc://sync-4a0fca25-1935-472a-8674-58f22c3a32b3.
engine            | 2023-12-15T17:54:10.929747191Z DEBUG [main] /usr/local/cargo/registry/src/github.com-1ecc6299db9ec823/event-engine-0.2.0/src/lib.rs:453 - Engine received a ready message from plugin 4a0fca25-1935-472a-8674-58f22c3a32b3
engine            | 2023-12-15T17:54:10.929756536Z DEBUG [main] /usr/local/cargo/registry/src/github.com-1ecc6299db9ec823/event-engine-0.2.0/src/lib.rs:457 - Engine received all ready messages; now sending replies.
engine            | 2023-12-15T17:54:10.929764824Z DEBUG [main] /usr/local/cargo/registry/src/github.com-1ecc6299db9ec823/event-engine-0.2.0/src/lib.rs:470 - Engine sent a reply
engine            | 2023-12-15T17:54:10.929856376Z DEBUG [main] /usr/local/cargo/registry/src/github.com-1ecc6299db9ec823/zmq-0.9.2/src/lib.rs:489 - socket dropped
engine            | 2023-12-15T17:54:10.929874393Z DEBUG [main] /usr/local/cargo/registry/src/github.com-1ecc6299db9ec823/event-engine-0.2.0/src/lib.rs:470 - Engine sent a reply
engine            | 2023-12-15T17:54:10.929909529Z DEBUG [main] /usr/local/cargo/registry/src/github.com-1ecc6299db9ec823/zmq-0.9.2/src/lib.rs:489 - socket dropped
engine            | 2023-12-15T17:54:10.929923129Z DEBUG [ext_image_score_plugin] /usr/local/cargo/registry/src/github.com-1ecc6299db9ec823/event-engine-0.2.0/src/lib.rs:396 - plugin d6e8e42a-41ec-11ed-a36f-a3dcc1cc761a received reply from ready message. Executing start function...
engine            | 2023-12-15T17:54:10.929939097Z DEBUG [ext_image_score_plugin] /usr/local/cargo/registry/src/github.com-1ecc6299db9ec823/event-engine-0.2.0/src/plugins.rs:49 - d6e8e42a-41ec-11ed-a36f-a3dcc1cc761a: top of start function for external plugin
engine            | 2023-12-15T17:54:10.929946041Z DEBUG [ext_image_score_plugin] /usr/local/cargo/registry/src/github.com-1ecc6299db9ec823/event-engine-0.2.0/src/plugins.rs:51 - d6e8e42a-41ec-11ed-a36f-a3dcc1cc761a: waiting for next message
engine            | 2023-12-15T17:54:10.929951641Z DEBUG [ext_power_monitor_plugin] /usr/local/cargo/registry/src/github.com-1ecc6299db9ec823/event-engine-0.2.0/src/lib.rs:386 - plugin 4a0fca25-1935-472a-8674-58f22c3a32b3 sent ready message.
engine            | 2023-12-15T17:54:10.929969881Z DEBUG [ext_power_monitor_plugin] /usr/local/cargo/registry/src/github.com-1ecc6299db9ec823/event-engine-0.2.0/src/lib.rs:396 - plugin 4a0fca25-1935-472a-8674-58f22c3a32b3 received reply from ready message. Executing start function...
engine            | 2023-12-15T17:54:10.929974617Z DEBUG [ext_power_monitor_plugin] /usr/local/cargo/registry/src/github.com-1ecc6299db9ec823/event-engine-0.2.0/src/plugins.rs:49 - 4a0fca25-1935-472a-8674-58f22c3a32b3: top of start function for external plugin
engine            | 2023-12-15T17:54:10.929977850Z DEBUG [ext_power_monitor_plugin] /usr/local/cargo/registry/src/github.com-1ecc6299db9ec823/event-engine-0.2.0/src/plugins.rs:51 - 4a0fca25-1935-472a-8674-58f22c3a32b3: waiting for next message
engine            | 2023-12-15T17:54:10.929987002Z DEBUG [ext_image_gen_plugin] /usr/local/cargo/registry/src/github.com-1ecc6299db9ec823/event-engine-0.2.0/src/lib.rs:396 - plugin d3266646-41ec-11ed-a96f-5391348bab46 received reply from ready message. Executing start function...
engine            | 2023-12-15T17:54:10.929999002Z DEBUG [main] /usr/local/cargo/registry/src/github.com-1ecc6299db9ec823/event-engine-0.2.0/src/lib.rs:470 - Engine sent a reply
engine            | 2023-12-15T17:54:10.930007514Z DEBUG [main] /usr/local/cargo/registry/src/github.com-1ecc6299db9ec823/zmq-0.9.2/src/lib.rs:489 - socket dropped
engine            | 2023-12-15T17:54:10.930016058Z DEBUG [main] /usr/local/cargo/registry/src/github.com-1ecc6299db9ec823/event-engine-0.2.0/src/lib.rs:470 - Engine sent a reply
engine            | 2023-12-15T17:54:10.930020026Z DEBUG [main] /usr/local/cargo/registry/src/github.com-1ecc6299db9ec823/zmq-0.9.2/src/lib.rs:489 - socket dropped
engine            | 2023-12-15T17:54:10.930028730Z DEBUG [main] /usr/local/cargo/registry/src/github.com-1ecc6299db9ec823/event-engine-0.2.0/src/lib.rs:470 - Engine sent a reply
engine            | 2023-12-15T17:54:10.930039098Z DEBUG [main] /usr/local/cargo/registry/src/github.com-1ecc6299db9ec823/zmq-0.9.2/src/lib.rs:489 - socket dropped
engine            | 2023-12-15T17:54:10.930048218Z DEBUG [ImageReceivePlugin] /usr/local/cargo/registry/src/github.com-1ecc6299db9ec823/event-engine-0.2.0/src/lib.rs:259 - plugin f2a0f49c-6f1c-4ee4-aabc-bb12b550f69c received reply from ready message. Executing start function...
engine            | 2023-12-15T17:54:10.930059802Z INFO  [ImageReceivePlugin] src/plugins/image_recv_plugin.rs:37 - 
engine            | **** Plugin ImageReceivePlugin (f2a0f49c-6f1c-4ee4-aabc-bb12b550f69c) starting execution.
engine            | 2023-12-15T17:54:10.930066010Z INFO  [ImageReceivePlugin] src/plugins/actions/image_recv_actions.rs:57 - Internal plugin ImageReceivePlugin is configured with action image_recv_write_file_action.
engine            | 2023-12-15T17:54:10.930106555Z DEBUG [main] /usr/local/cargo/registry/src/github.com-1ecc6299db9ec823/event-engine-0.2.0/src/lib.rs:472 - All plugins have been synced
engine            | 2023-12-15T17:54:10.930114139Z INFO  [main] /usr/local/cargo/registry/src/github.com-1ecc6299db9ec823/event-engine-0.2.0/src/lib.rs:550 - All plugins started and synced; Will now wait for plugins to exit...
engine            | 2023-12-15T17:54:10.930134523Z DEBUG [ImageStorePlugin] /usr/local/cargo/registry/src/github.com-1ecc6299db9ec823/event-engine-0.2.0/src/lib.rs:259 - plugin c48297cc-a7e7-48c1-9247-945925665685 received reply from ready message. Executing start function...
engine            | 2023-12-15T17:54:10.930142395Z INFO  [ImageStorePlugin] src/plugins/image_store_plugin.rs:83 - 
engine            | **** Plugin ImageStorePlugin (c48297cc-a7e7-48c1-9247-945925665685) starting execution.
engine            | 2023-12-15T17:54:10.930287356Z INFO  [ImageStorePlugin] src/plugins/actions/image_store_actions.rs:66 - Internal plugin ImageStorePlugin is configured with action image_store_file_action.
engine            | 2023-12-15T17:54:10.930320253Z DEBUG [ext_image_gen_plugin] /usr/local/cargo/registry/src/github.com-1ecc6299db9ec823/event-engine-0.2.0/src/plugins.rs:49 - d3266646-41ec-11ed-a96f-5391348bab46: top of start function for external plugin
engine            | 2023-12-15T17:54:10.930326845Z DEBUG [ext_image_gen_plugin] /usr/local/cargo/registry/src/github.com-1ecc6299db9ec823/event-engine-0.2.0/src/plugins.rs:51 - d3266646-41ec-11ed-a96f-5391348bab46: waiting for next message
image_generating  | Image Generating Plugin starting up...
image_generating  | user_input: /example_images
engine            | 2023-12-15T17:54:11.632903711Z DEBUG [ext_image_gen_plugin] /usr/local/cargo/registry/src/github.com-1ecc6299db9ec823/event-engine-0.2.0/src/plugins.rs:56 - d3266646-41ec-11ed-a96f-5391348bab46: got message from external plugin
engine            | 2023-12-15T17:54:11.632967327Z DEBUG [ext_image_gen_plugin] /usr/local/cargo/registry/src/github.com-1ecc6299db9ec823/event-engine-0.2.0/src/plugins.rs:51 - d3266646-41ec-11ed-a96f-5391348bab46: waiting for next message
image_generating  | INFO:root:monitoring image generating power
image_generating  | 
image_generating  | * * * * * * * * * * 
image_generating  | 
image_generating  | INFO:root:Processing file 1 of 7
image_generating  | Calling simpleNext with: 0, 0
power_monitor     | Debuging mode
power_monitor     | using backend: jtop
power_monitor     | 2023-12-15 17:54:11,639 - Power measurement - run - INFO - Start running ...
image_generating  | INFO:root:sending new image with the following data: image:/example_images/german-shep-pup.jpg; uuid:315cb62d-1877-5d21-a138-b282b9e25df4; format: JPEG; type(format): <class 'str'>
power_monitor     | 2023-12-15 17:54:11,645 - Power measurement - run - INFO - Debuging mode ...
engine            | 2023-12-15T17:54:11.651358659Z DEBUG [ext_power_monitor_plugin] /usr/local/cargo/registry/src/github.com-1ecc6299db9ec823/event-engine-0.2.0/src/plugins.rs:56 - 4a0fca25-1935-472a-8674-58f22c3a32b3: got message from external plugin
engine            | 2023-12-15T17:54:11.651420675Z DEBUG [ext_power_monitor_plugin] /usr/local/cargo/registry/src/github.com-1ecc6299db9ec823/event-engine-0.2.0/src/plugins.rs:51 - 4a0fca25-1935-472a-8674-58f22c3a32b3: waiting for next message
power_monitor     | 2023-12-15 17:54:11,661 - Power measurement - run - INFO - Send a testing power monitor event...
power_monitor     | top of get_next_msg; making request for next message
power_monitor     | 
power_monitor     | 
engine            | 2023-12-15T17:54:11.677026695Z DEBUG [ext_power_monitor_plugin] /usr/local/cargo/registry/src/github.com-1ecc6299db9ec823/event-engine-0.2.0/src/plugins.rs:56 - 4a0fca25-1935-472a-8674-58f22c3a32b3: got message from external plugin
engine            | 2023-12-15T17:54:11.677050759Z DEBUG [ext_power_monitor_plugin] /usr/local/cargo/registry/src/github.com-1ecc6299db9ec823/event-engine-0.2.0/src/plugins.rs:77 - 4a0fca25-1935-472a-8674-58f22c3a32b3: got next_msg command, retrieving next message
engine            | 2023-12-15T17:54:11.677062919Z DEBUG [ext_power_monitor_plugin] /usr/local/cargo/registry/src/github.com-1ecc6299db9ec823/event-engine-0.2.0/src/plugins.rs:85 - 4a0fca25-1935-472a-8674-58f22c3a32b3: got next message, sengding over external socket
engine            | 2023-12-15T17:54:11.677074663Z DEBUG [ext_power_monitor_plugin] /usr/local/cargo/registry/src/github.com-1ecc6299db9ec823/event-engine-0.2.0/src/plugins.rs:92 - 4a0fca25-1935-472a-8674-58f22c3a32b3: external message sent, loop complete
engine            | 2023-12-15T17:54:11.677079399Z DEBUG [ext_power_monitor_plugin] /usr/local/cargo/registry/src/github.com-1ecc6299db9ec823/event-engine-0.2.0/src/plugins.rs:51 - 4a0fca25-1935-472a-8674-58f22c3a32b3: waiting for next message
power_monitor     | request made; waiting for reply
power_monitor     | 
power_monitor     | 
power_monitor     | got reply, returning data
power_monitor     | 
power_monitor     | 
power_monitor     | 2023-12-15 17:54:11,707 - Power measurement - run - INFO - Got a message...
power_monitor     | 2023-12-15 17:54:11,723 - Power measurement - run - INFO - Got a power monitor event...
power_monitor     | top of get_next_msg; making request for next message
power_monitor     | 
power_monitor     | 
power_monitor     | 2023-12-15 17:54:11,723 - Power measurement - run_power_measure - INFO - [array([44090], dtype=int32), array([1], dtype=int8), b'2023-12-15T17:54:11.631145', 0]
engine            | 2023-12-15T17:54:11.724878000Z DEBUG [ext_power_monitor_plugin] /usr/local/cargo/registry/src/github.com-1ecc6299db9ec823/event-engine-0.2.0/src/plugins.rs:56 - 4a0fca25-1935-472a-8674-58f22c3a32b3: got message from external plugin
engine            | 2023-12-15T17:54:11.724917776Z DEBUG [ext_power_monitor_plugin] /usr/local/cargo/registry/src/github.com-1ecc6299db9ec823/event-engine-0.2.0/src/plugins.rs:77 - 4a0fca25-1935-472a-8674-58f22c3a32b3: got next_msg command, retrieving next message
engine            | 2023-12-15T17:54:11.724929936Z DEBUG [ext_power_monitor_plugin] /usr/local/cargo/registry/src/github.com-1ecc6299db9ec823/event-engine-0.2.0/src/plugins.rs:85 - 4a0fca25-1935-472a-8674-58f22c3a32b3: got next message, sengding over external socket
engine            | 2023-12-15T17:54:11.724947057Z DEBUG [ext_power_monitor_plugin] /usr/local/cargo/registry/src/github.com-1ecc6299db9ec823/event-engine-0.2.0/src/plugins.rs:92 - 4a0fca25-1935-472a-8674-58f22c3a32b3: external message sent, loop complete
engine            | 2023-12-15T17:54:11.724952209Z DEBUG [ext_power_monitor_plugin] /usr/local/cargo/registry/src/github.com-1ecc6299db9ec823/event-engine-0.2.0/src/plugins.rs:51 - 4a0fca25-1935-472a-8674-58f22c3a32b3: waiting for next message
power_monitor     | request made; waiting for reply
power_monitor     | 
power_monitor     | 
power_monitor     | got reply, returning data
power_monitor     | 
power_monitor     | 
power_monitor     | 2023-12-15 17:54:11,761 - Power measurement - run - INFO - Got a message...
power_monitor     | 2023-12-15 17:54:11,766 - Power measurement - run - INFO - Got a power monitor event...
power_monitor     | top of get_next_msg; making request for next message
power_monitor     | 2023-12-15 17:54:11,767 - Power measurement - run_power_measure - INFO - [array([44089], dtype=int32), array([0], dtype=int8), b'2023-12-15T17:54:11.650967', 10]
power_monitor     | 
power_monitor     | 
engine            | 2023-12-15T17:54:11.773303710Z DEBUG [ext_power_monitor_plugin] /usr/local/cargo/registry/src/github.com-1ecc6299db9ec823/event-engine-0.2.0/src/plugins.rs:56 - 4a0fca25-1935-472a-8674-58f22c3a32b3: got message from external plugin
engine            | 2023-12-15T17:54:11.773347231Z DEBUG [ext_power_monitor_plugin] /usr/local/cargo/registry/src/github.com-1ecc6299db9ec823/event-engine-0.2.0/src/plugins.rs:77 - 4a0fca25-1935-472a-8674-58f22c3a32b3: got next_msg command, retrieving next message
power_monitor     | request made; waiting for reply
power_monitor     | 
power_monitor     | 
image_scoring     | Traceback (most recent call last):
image_scoring     |   File "image_scoring_plugin.py", line 16, in <module>
image_scoring     |     from camera_traps_MD.run_detector import load_and_run_detector
image_scoring     | ModuleNotFoundError: No module named 'camera_traps_MD'
image_scoring exited with code 1
engine            | 2023-12-15T17:54:12.424244690Z DEBUG [ext_image_gen_plugin] /usr/local/cargo/registry/src/github.com-1ecc6299db9ec823/event-engine-0.2.0/src/plugins.rs:56 - d3266646-41ec-11ed-a96f-5391348bab46: got message from external plugin
engine            | 2023-12-15T17:54:12.424321043Z DEBUG [ext_image_gen_plugin] /usr/local/cargo/registry/src/github.com-1ecc6299db9ec823/event-engine-0.2.0/src/plugins.rs:51 - d3266646-41ec-11ed-a96f-5391348bab46: waiting for next message
engine            | 2023-12-15T17:54:12.424636309Z DEBUG [ImageReceivePlugin] src/plugins/image_recv_plugin.rs:75 - 
engine            |   -> ImageReceivePlugin received event NewImageEvent
image_generating  | INFO:root:Processing file 2 of 7
image_generating  | returning simpleNext: False, 0, 1
image_generating  | * * * * * * * * * * 
image_generating  | 
image_generating  | 
image_generating  | * * * * * * * * * * 
image_generating  | 
image_generating  | Calling simpleNext with: 0, 1
image_generating  | INFO:root:sending new image with the following data: image:/example_images/cheetah-baby.jpg; uuid:30d686e0-7da2-5057-9e3b-2e03844811eb; format: JPEG; type(format): <class 'str'>
engine            | 2023-12-15T17:54:12.526003385Z DEBUG [ext_image_gen_plugin] /usr/local/cargo/registry/src/github.com-1ecc6299db9ec823/event-engine-0.2.0/src/plugins.rs:56 - d3266646-41ec-11ed-a96f-5391348bab46: got message from external plugin
engine            | 2023-12-15T17:54:12.526077754Z DEBUG [ext_image_gen_plugin] /usr/local/cargo/registry/src/github.com-1ecc6299db9ec823/event-engine-0.2.0/src/plugins.rs:51 - d3266646-41ec-11ed-a96f-5391348bab46: waiting for next message
engine            | 2023-12-15T17:54:12.526160442Z DEBUG [ImageReceivePlugin] src/plugins/image_recv_plugin.rs:75 - 
engine            |   -> ImageReceivePlugin received event NewImageEvent
image_generating  | returning simpleNext: False, 0, 2
image_generating  | * * * * * * * * * * 
image_generating  | 
image_generating  | 
image_generating  | * * * * * * * * * * 
image_generating  | 
image_generating  | INFO:root:Processing file 3 of 7
image_generating  | Calling simpleNext with: 0, 2
image_generating  | INFO:root:sending new image with the following data: image:/example_images/baby-red-fox.jpg; uuid:67b83445-2622-50a3-be3b-f7030259576e; format: JPEG; type(format): <class 'str'>
engine            | 2023-12-15T17:54:12.858572545Z DEBUG [ext_image_gen_plugin] /usr/local/cargo/registry/src/github.com-1ecc6299db9ec823/event-engine-0.2.0/src/plugins.rs:56 - d3266646-41ec-11ed-a96f-5391348bab46: got message from external plugin
engine            | 2023-12-15T17:54:12.858646658Z DEBUG [ext_image_gen_plugin] /usr/local/cargo/registry/src/github.com-1ecc6299db9ec823/event-engine-0.2.0/src/plugins.rs:51 - d3266646-41ec-11ed-a96f-5391348bab46: waiting for next message
engine            | 2023-12-15T17:54:12.858756483Z DEBUG [ImageReceivePlugin] src/plugins/image_recv_plugin.rs:75 - 
engine            |   -> ImageReceivePlugin received event NewImageEvent
image_generating  | returning simpleNext: False, 0, 3
image_generating  | * * * * * * * * * * 
image_generating  | 
image_generating  | 
image_generating  | * * * * * * * * * * 
image_generating  | 
image_generating  | INFO:root:Processing file 4 of 7
image_generating  | Calling simpleNext with: 0, 3
image_generating  | INFO:root:sending new image with the following data: image:/example_images/APL_Keyset_800x290.jpg; uuid:91ff130e-feb8-5e86-b939-78e789561ae6; format: JPEG; type(format): <class 'str'>
power_monitor     | {'rail': {'1-00081': {'online': False, 'volt': 0, 'curr': 0, 'warn': 0, 'power': 0, 'avg': 0}, '1-00082': {'online': True, 'volt': 5000, 'curr': 0, 'warn': 3000, 'power': 0, 'avg': 0}, 'VDDQ_VDD2_1V8AO': {'volt': 5056, 'curr': 120, 'warn': 81900, 'crit': 81900, 'power': 606, 'online': True, 'avg': 606}, 'VDD_CPU_CV': {'volt': 19944, 'curr': 260, 'warn': 81900, 'crit': 81900, 'power': 5185, 'online': True, 'avg': 5185}, 'VDD_GPU_SOC': {'volt': 19944, 'curr': 140, 'warn': 81900, 'crit': 81900, 'power': 2792, 'online': True, 'avg': 2792}, 'VIN_SYS_5V0': {'volt': 5056, 'curr': 800, 'warn': 81900, 'crit': 81900, 'power': 4044, 'online': True, 'avg': 4044}}, 'tot': {'power': 12627, 'avg': 12627}, 'date': '2023-12-15 17:54:13'}
power_monitor     | 
power_monitor     | 
power_monitor     | {'rail': {'1-00081': {'online': False, 'volt': 0, 'curr': 0, 'warn': 0, 'power': 0, 'avg': 0}, '1-00082': {'online': True, 'volt': 5000, 'curr': 0, 'warn': 3000, 'power': 0, 'avg': 0}, 'VDDQ_VDD2_1V8AO': {'volt': 5056, 'curr': 120, 'warn': 81900, 'crit': 81900, 'power': 606, 'online': True, 'avg': 606}, 'VDD_CPU_CV': {'volt': 19944, 'curr': 260, 'warn': 81900, 'crit': 81900, 'power': 5185, 'online': True, 'avg': 5185}, 'VDD_GPU_SOC': {'volt': 19944, 'curr': 140, 'warn': 81900, 'crit': 81900, 'power': 2792, 'online': True, 'avg': 2792}, 'VIN_SYS_5V0': {'volt': 5056, 'curr': 800, 'warn': 81900, 'crit': 81900, 'power': 4044, 'online': True, 'avg': 4044}}, 'tot': {'power': 12627, 'avg': 12627}, 'date': '2023-12-15 17:54:13'}
power_monitor     | 
power_monitor     | 
engine            | 2023-12-15T17:54:13.296334253Z DEBUG [ext_image_gen_plugin] /usr/local/cargo/registry/src/github.com-1ecc6299db9ec823/event-engine-0.2.0/src/plugins.rs:56 - d3266646-41ec-11ed-a96f-5391348bab46: got message from external plugin
engine            | 2023-12-15T17:54:13.296403725Z DEBUG [ext_image_gen_plugin] /usr/local/cargo/registry/src/github.com-1ecc6299db9ec823/event-engine-0.2.0/src/plugins.rs:51 - d3266646-41ec-11ed-a96f-5391348bab46: waiting for next message
engine            | 2023-12-15T17:54:13.296768880Z DEBUG [ImageReceivePlugin] src/plugins/image_recv_plugin.rs:75 - 
engine            |   -> ImageReceivePlugin received event NewImageEvent
image_generating  | returning simpleNext: False, 0, 4
image_generating  | * * * * * * * * * * 
image_generating  | 
image_generating  | 
image_generating  | * * * * * * * * * * 
image_generating  | 
image_generating  | INFO:root:Processing file 5 of 7
image_generating  | Calling simpleNext with: 0, 4
image_generating  | INFO:root:sending new image with the following data: image:/example_images/labrador-pup.jpg; uuid:804f22de-8a90-52af-8baf-cda2cd66385f; format: JPEG; type(format): <class 'str'>
image_generating  | INFO:root:Processing file 6 of 7
engine            | 2023-12-15T17:54:13.583374654Z DEBUG [ext_image_gen_plugin] /usr/local/cargo/registry/src/github.com-1ecc6299db9ec823/event-engine-0.2.0/src/plugins.rs:56 - d3266646-41ec-11ed-a96f-5391348bab46: got message from external plugin
engine            | 2023-12-15T17:54:13.583444895Z DEBUG [ext_image_gen_plugin] /usr/local/cargo/registry/src/github.com-1ecc6299db9ec823/event-engine-0.2.0/src/plugins.rs:51 - d3266646-41ec-11ed-a96f-5391348bab46: waiting for next message
image_generating  | returning simpleNext: False, 0, 5
image_generating  | * * * * * * * * * * 
image_generating  | 
image_generating  | 
image_generating  | * * * * * * * * * * 
image_generating  | 
engine            | 2023-12-15T17:54:13.583986276Z DEBUG [ImageReceivePlugin] src/plugins/image_recv_plugin.rs:75 - 
engine            |   -> ImageReceivePlugin received event NewImageEvent
image_generating  | Calling simpleNext with: 0, 5
image_generating  | INFO:root:sending new image with the following data: image:/example_images/panda-cub.jpg; uuid:4b5d738e-9c8a-5097-96e7-3c78a00e0f31; format: JPEG; type(format): <class 'str'>
image_generating  | INFO:root:Processing file 7 of 7
engine            | 2023-12-15T17:54:13.734182328Z DEBUG [ext_image_gen_plugin] /usr/local/cargo/registry/src/github.com-1ecc6299db9ec823/event-engine-0.2.0/src/plugins.rs:56 - d3266646-41ec-11ed-a96f-5391348bab46: got message from external plugin
image_generating  | returning simpleNext: False, 0, 6
image_generating  | * * * * * * * * * * 
image_generating  | 
image_generating  | 
image_generating  | * * * * * * * * * * 
image_generating  | 
engine            | 2023-12-15T17:54:13.734251256Z DEBUG [ext_image_gen_plugin] /usr/local/cargo/registry/src/github.com-1ecc6299db9ec823/event-engine-0.2.0/src/plugins.rs:51 - d3266646-41ec-11ed-a96f-5391348bab46: waiting for next message
engine            | 2023-12-15T17:54:13.734555323Z DEBUG [ImageReceivePlugin] src/plugins/image_recv_plugin.rs:75 - 
engine            |   -> ImageReceivePlugin received event NewImageEvent
image_generating  | Calling simpleNext with: 0, 6
image_generating  | INFO:root:sending new image with the following data: image:/example_images/golden-pup.jpg; uuid:cbe2a668-d416-54fe-a3f3-1c51de7ac199; format: JPEG; type(format): <class 'str'>
engine            | 2023-12-15T17:54:13.992500843Z DEBUG [ext_image_gen_plugin] /usr/local/cargo/registry/src/github.com-1ecc6299db9ec823/event-engine-0.2.0/src/plugins.rs:56 - d3266646-41ec-11ed-a96f-5391348bab46: got message from external plugin
engine            | 2023-12-15T17:54:13.992575307Z DEBUG [ext_image_gen_plugin] /usr/local/cargo/registry/src/github.com-1ecc6299db9ec823/event-engine-0.2.0/src/plugins.rs:51 - d3266646-41ec-11ed-a96f-5391348bab46: waiting for next message
image_generating  | * * * * * * * * * * 
image_generating  | 
image_generating  | 
image_generating  | * * * * * * * * * * 
image_generating  | 
image_generating  | INFO:root:Processing file 8 of 7
engine            | 2023-12-15T17:54:13.992949679Z DEBUG [ImageReceivePlugin] src/plugins/image_recv_plugin.rs:75 - 
engine            |   -> ImageReceivePlugin received event NewImageEvent
image_generating  | Calling simpleNext with: 1, 0
image_generating  | Hit exit condition; i: 1; len(img_dict): 1; done = True
image_generating  | * * * * * * * * * * 
image_generating  | 
image_generating  | Bottom of send_images; exiting...
image_generating  | 
image_generating exited with code 0
